[debug] [2025-04-05T13:18:33.996Z] ----------------------------------------------------------------------
[debug] [2025-04-05T13:18:33.998Z] Command:       C:\Program Files\nodejs\node.exe C:\Users\rjind\AppData\Roaming\npm\node_modules\firebase-tools\lib\bin\firebase.js init
[debug] [2025-04-05T13:18:33.999Z] CLI Version:   14.1.0
[debug] [2025-04-05T13:18:33.999Z] Platform:      win32
[debug] [2025-04-05T13:18:33.999Z] Node Version:  v22.14.0
[debug] [2025-04-05T13:18:33.999Z] Time:          Sat Apr 05 2025 18:48:33 GMT+0530 (India Standard Time)
[debug] [2025-04-05T13:18:33.999Z] ----------------------------------------------------------------------
[debug] 
[debug] [2025-04-05T13:18:34.004Z] > command requires scopes: ["email","openid","https://www.googleapis.com/auth/cloudplatformprojects.readonly","https://www.googleapis.com/auth/firebase","https://www.googleapis.com/auth/cloud-platform"]
[debug] [2025-04-05T13:18:34.004Z] > authorizing via signed-in user (softwareee23@gmail.com)
[info] 
     ######## #### ########  ######## ########     ###     ######  ########
     ##        ##  ##     ## ##       ##     ##  ##   ##  ##       ##
     ######    ##  ########  ######   ########  #########  ######  ######
     ##        ##  ##    ##  ##       ##     ## ##     ##       ## ##
     ##       #### ##     ## ######## ########  ##     ##  ######  ########

You're about to initialize a Firebase project in this directory:

  C:\Users\rjind\OneDrive\Desktop\Hack1

[info] 
=== Project Setup
[info] 
[info] First, let's associate this project directory with a Firebase project.
[info] You can create multiple project aliases by running firebase use --add, 
[info] but for now we'll just set up a default project.
[info] 
[debug] [2025-04-05T13:19:04.188Z] Checked if tokens are valid: false, expires at: 1743848666627
[debug] [2025-04-05T13:19:04.188Z] Checked if tokens are valid: false, expires at: 1743848666627
[debug] [2025-04-05T13:19:04.188Z] > refreshing access token with scopes: []
[debug] [2025-04-05T13:19:04.189Z] >>> [apiv2][query] POST https://www.googleapis.com/oauth2/v3/token [none]
[debug] [2025-04-05T13:19:04.190Z] >>> [apiv2][body] POST https://www.googleapis.com/oauth2/v3/token [omitted]
[debug] [2025-04-05T13:19:04.384Z] <<< [apiv2][status] POST https://www.googleapis.com/oauth2/v3/token 200
[debug] [2025-04-05T13:19:04.385Z] <<< [apiv2][body] POST https://www.googleapis.com/oauth2/v3/token [omitted]
[debug] [2025-04-05T13:19:04.390Z] >>> [apiv2][query] GET https://firebase.googleapis.com/v1beta1/projects pageSize=100
[debug] [2025-04-05T13:19:05.226Z] <<< [apiv2][status] GET https://firebase.googleapis.com/v1beta1/projects 200
[debug] [2025-04-05T13:19:05.226Z] <<< [apiv2][body] GET https://firebase.googleapis.com/v1beta1/projects [omitted]
[info] i  Using project meenavar-db110 (meenavar) 
[info] 
=== Hosting Setup
[debug] [2025-04-05T13:19:08.856Z] Checked if tokens are valid: true, expires at: 1743862743385
[debug] [2025-04-05T13:19:08.856Z] Checked if tokens are valid: true, expires at: 1743862743385
[debug] [2025-04-05T13:19:08.856Z] >>> [apiv2][query] GET https://firebase.googleapis.com/v1beta1/projects/meenavar-db110 [none]
[debug] [2025-04-05T13:19:09.230Z] <<< [apiv2][status] GET https://firebase.googleapis.com/v1beta1/projects/meenavar-db110 200
[debug] [2025-04-05T13:19:09.230Z] <<< [apiv2][body] GET https://firebase.googleapis.com/v1beta1/projects/meenavar-db110 {"projectId":"meenavar-db110","projectNumber":"118458764196","displayName":"meenavar","name":"projects/meenavar-db110","resources":{"hostingSite":"meenavar-db110"},"state":"ACTIVE","etag":"1_cc5c9c2a-ef6c-4a85-947e-5eb17c50e76c"}
[info] 
[info] Your public directory is the folder (relative to your project directory) that
[info] will contain Hosting assets to be uploaded with firebase deploy. If you
[info] have a build process for your assets, use your build's output directory.
[info] 
[info] +  Wrote public/404.html 
[debug] [2025-04-05T13:19:32.239Z] >>> [apiv2][query] GET https://www.gstatic.com/firebasejs/releases.json [none]
[debug] [2025-04-05T13:19:32.319Z] <<< [apiv2][status] GET https://www.gstatic.com/firebasejs/releases.json 200
[debug] [2025-04-05T13:19:32.319Z] <<< [apiv2][body] GET https://www.gstatic.com/firebasejs/releases.json {"current":{"version":"11.6.0","browserURL":"https://www.gstatic.com/firebasejs/11.6.0/firebase.js","packageURL":"https://www.gstatic.com/firebasejs/11.6.0/firebase.tgz"},"live":{"version":"11.6","browserURL":"https://www.gstatic.com/firebasejs/live/11.6/firebase.js","packageURL":"https://www.gstatic.com/firebasejs/live/11.6/firebase.tgz"},"components":{"analytics":"https://www.gstatic.com/firebasejs/11.6.0/firebase-analytics.js","app":"https://www.gstatic.com/firebasejs/11.6.0/firebase-app.js","app-check":"https://www.gstatic.com/firebasejs/11.6.0/firebase-app-check.js","auth":"https://www.gstatic.com/firebasejs/11.6.0/firebase-auth.js","auth/cordova":"https://www.gstatic.com/firebasejs/11.6.0/firebase-auth/cordova.js","auth/web-extension":"https://www.gstatic.com/firebasejs/11.6.0/firebase-auth/web-extension.js","functions":"https://www.gstatic.com/firebasejs/11.6.0/firebase-functions.js","firestore":"https://www.gstatic.com/firebasejs/11.6.0/firebase-firestore.js","firestore/lite":"https://www.gstatic.com/firebasejs/11.6.0/firebase-firestore/lite.js","installations":"https://www.gstatic.com/firebasejs/11.6.0/firebase-installations.js","storage":"https://www.gstatic.com/firebasejs/11.6.0/firebase-storage.js","performance":"https://www.gstatic.com/firebasejs/11.6.0/firebase-performance.js","remote-config":"https://www.gstatic.com/firebasejs/11.6.0/firebase-remote-config.js","messaging":"https://www.gstatic.com/firebasejs/11.6.0/firebase-messaging.js","messaging/sw":"https://www.gstatic.com/firebasejs/11.6.0/firebase-messaging/sw.js","database":"https://www.gstatic.com/firebasejs/11.6.0/firebase-database.js","vertexai":"https://www.gstatic.com/firebasejs/11.6.0/firebase-vertexai.js","data-connect":"https://www.gstatic.com/firebasejs/11.6.0/firebase-data-connect.js","firestore.memory":"https://www.gstatic.com/firebasejs/11.6.0/firebase-firestore.memory.js"}}
[info] +  Wrote public/index.html 
[info] 
[info] i  Detected a .git folder at C:\Users\rjind 
[info] i  Authorizing with GitHub to upload your service account to a GitHub repository's secrets store. 
[info] 
[info] Visit this URL on this device to log in:
[info] https://github.com/login/oauth/authorize?client_id=89cf50f02ac6aaed3484&state=680273510&redirect_uri=http%3A%2F%2Flocalhost%3A9005&scope=read%3Auser%20repo%20public_repo
[info] 
[info] Waiting for authentication...
[debug] [2025-04-05T13:22:38.523Z] >>> [apiv2][query] POST https://github.com/login/oauth/access_token [none]
[debug] [2025-04-05T13:22:38.523Z] >>> [apiv2][body] POST https://github.com/login/oauth/access_token [stream]
[debug] [2025-04-05T13:22:38.854Z] <<< [apiv2][status] POST https://github.com/login/oauth/access_token 200
[debug] [2025-04-05T13:22:38.854Z] <<< [apiv2][body] POST https://github.com/login/oauth/access_token {"access_token":"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","token_type":"bearer","scope":"read:user,repo"}
[debug] [2025-04-05T13:22:38.857Z] >>> [apiv2][query] GET https://api.github.com/user [none]
[debug] [2025-04-05T13:22:39.178Z] <<< [apiv2][status] GET https://api.github.com/user 200
[debug] [2025-04-05T13:22:39.178Z] <<< [apiv2][body] GET https://api.github.com/user {"login":"Krishnaraj-06","id":165877909,"node_id":"U_kgDOCeMYlQ","avatar_url":"https://avatars.githubusercontent.com/u/165877909?v=4","gravatar_id":"","url":"https://api.github.com/users/Krishnaraj-06","html_url":"https://github.com/Krishnaraj-06","followers_url":"https://api.github.com/users/Krishnaraj-06/followers","following_url":"https://api.github.com/users/Krishnaraj-06/following{/other_user}","gists_url":"https://api.github.com/users/Krishnaraj-06/gists{/gist_id}","starred_url":"https://api.github.com/users/Krishnaraj-06/starred{/owner}{/repo}","subscriptions_url":"https://api.github.com/users/Krishnaraj-06/subscriptions","organizations_url":"https://api.github.com/users/Krishnaraj-06/orgs","repos_url":"https://api.github.com/users/Krishnaraj-06/repos","events_url":"https://api.github.com/users/Krishnaraj-06/events{/privacy}","received_events_url":"https://api.github.com/users/Krishnaraj-06/received_events","type":"User","user_view_type":"private","site_admin":false,"name":null,"company":null,"blog":"","location":null,"email":null,"hireable":null,"bio":null,"twitter_username":null,"notification_email":null,"public_repos":1,"public_gists":0,"followers":0,"following":0,"created_at":"2024-04-03T06:21:52Z","updated_at":"2025-04-05T13:21:44Z","private_gists":0,"total_private_repos":0,"owned_private_repos":0,"disk_usage":1,"collaborators":0,"two_factor_authentication":false,"plan":{"name":"free","space":976562499,"collaborators":0,"private_repos":10000}}
[info] 
[info] +  Success! Logged into GitHub as Krishnaraj-06 
[info] 
